<?xml version="1.0" encoding="UTF-8"?>
<!-- Generated by org.testng.reporters.JUnitReportReporter -->
<testsuite skipped="0" hostname="SQLBILAB" name="test.ValidatethemonthdropddownTest$AddCategoryTest" tests="2" failures="0" timestamp="2020-09-15T21:43:55 CDT" time="6.317" errors="0">
  <testcase name="StartFirst" time="6.222" classname="test.ValidatethemonthdropddownTest$AddCategoryTest"/>
  <system-out/>
  <testcase name="validateThedropDownMonthList" time="0.095" classname="test.ValidatethemonthdropddownTest$AddCategoryTest"/>
  <system-out/>
</testsuite> <!-- test.ValidatethemonthdropddownTest$AddCategoryTest -->
