<?xml version="1.0" encoding="UTF-8"?>
<!-- Generated by org.testng.reporters.JUnitReportReporter -->
<testsuite skipped="0" hostname="SQLBILAB" name="test.LoginTest" tests="1" failures="0" timestamp="2020-08-07T22:40:34 CDT" time="12.022" errors="0">
  <testcase name="validUserShouldBeAbleToLogin" time="12.022" classname="test.LoginTest"/>
  <system-out/>
</testsuite> <!-- test.LoginTest -->
