<?xml version="1.0" encoding="UTF-8"?>
<!-- Generated by org.testng.reporters.JUnitReportReporter -->
<testsuite skipped="0" hostname="SQLBILAB" name="test.NotAbbleToAddDuplicateCategoryTest" tests="2" failures="0" timestamp="2020-08-31T22:29:33 CDT" time="12.613" errors="0">
  <testcase name="StartFirst" time="5.819" classname="test.NotAbbleToAddDuplicateCategoryTest"/>
  <system-out/>
  <testcase name="userShouldNotBeAbbleToAddAcategory" time="6.794" classname="test.NotAbbleToAddDuplicateCategoryTest"/>
  <system-out/>
</testsuite> <!-- test.NotAbbleToAddDuplicateCategoryTest -->
