<?xml version="1.0" encoding="UTF-8"?>
<!-- Generated by org.testng.reporters.JUnitReportReporter -->
<testsuite skipped="0" hostname="SQLBILAB" name="test.AddCategoryTest" tests="2" failures="0" timestamp="2020-08-31T22:28:51 CDT" time="16.590" errors="0">
  <testcase name="StartFirst" time="5.599" classname="test.AddCategoryTest"/>
  <system-out/>
  <testcase name="userShouldBeAbbleToAddAcategory" time="10.991" classname="test.AddCategoryTest"/>
  <system-out/>
</testsuite> <!-- test.AddCategoryTest -->
